<?xml version="1.0" encoding="UTF-8"?>
<!-- Generated by org.testng.reporters.JUnitReportReporter -->
<testsuite hostname="DESKTOP-35648AA" failures="0" tests="2" name="com.Test.Visitor.TestClassVisitor" time="34.535" errors="0" timestamp="2023-02-24T15:31:35 GST" skipped="0">
  <testcase classname="com.Test.Visitor.TestClassVisitor" name="SearchJobinVisitorPage" time="20.387"/>
  <system-out/>
  <testcase classname="com.Test.Visitor.TestClassVisitor" name="JobNameSearch" time="14.148"/>
  <system-out/>
</testsuite> <!-- com.Test.Visitor.TestClassVisitor -->
